cocos2d/cocos/platform/android/libcocos2dx/build/intermediates/manifest_merge_blame_file/release/manifest-merger-blame-release-report.txt
1<?xml version="1.0" encoding="utf-8"?>
2<manifest xmlns:android="http://schemas.android.com/apk/res/android"
3    package="proj.android" >
4
5    <uses-sdk android:minSdkVersion="23" />
6
7    <uses-permission android:name="android.permission.VIBRATE" />
7-->android/libcocos2dx/AndroidManifest.xml:3:5-66
7-->android/libcocos2dx/AndroidManifest.xml:3:22-63
8
9    <application android:allowBackup="true" >
9-->android/libcocos2dx/AndroidManifest.xml:5:5-7:19
9-->android/libcocos2dx/AndroidManifest.xml:5:18-44
10    </application>
11
12</manifest>